<?xml version="1.0" encoding="UTF-8"?><testsuite errors="0" failures="0" name="io.swagger.petstore.testsuits.TagWithUserRunner" skipped="0" tests="3" time="1.54" timestamp="2023-01-10T16:25:38.497Z[Europe/London]"><testcase classname="io.swagger.petstore.testsuits.TagWithUserRunner" name="Provide 415 code when post data"/><testcase classname="io.swagger.petstore.testsuits.TagWithUserRunner" name="This test will verify if a status code of 405 is returned for GET request"/><testcase classname="io.swagger.petstore.testsuits.TagWithUserRunner" name="This test will provide an error code of 404 when user tries to access an invalid resource"/></testsuite>